{"level":"INFO","message":"[3:05:32.285 PM]: Creating new connection object"}
{"level":"INFO","message":"[3:05:32.300 PM]: Creating Connection[id: 63dc366d-5740-4eaa-af0e-651718503203] with host: FEBEOOK-RVB78017.snowflakecomputing.com, account: FEBEOOK-RVB78017, accessUrl: https://FEBEOOK-RVB78017.snowflakecomputing.com, user: NICOLE, role: USERADMIN, database: REPRALLY, schema: ANALYTICS, warehouse: COMPUTE_WH, proxy was not configured, password is provided, region: undefined, authenticator: SNOWFLAKE, ocsp mode: FAIL_OPEN, os: darwin, os version: 22.3.0"}
{"level":"INFO","message":"[3:05:32.303 PM]: Connection[id: 63dc366d-5740-4eaa-af0e-651718503203] additional details: passcode in password is provided, passcode is not provided, private key is not provided, application: undefined, client name: snowflake-sdk, client version: 2.0.4, retry timeout: 300, private key path: undefined, private key pass is not provided, client store temporary credential: false, browser response timeout: 120000"}
{"level":"INFO","message":"[3:05:32.304 PM]: Connection[id: 63dc366d-5740-4eaa-af0e-651718503203] - connection object created successfully."}
{"level":"INFO","message":"[3:05:32.305 PM]: Connection[id: 63dc366d-5740-4eaa-af0e-651718503203] - connecting. Associated Snowflake domain: GLOBAL"}
{"level":"INFO","message":"[3:05:32.312 PM]: Connection[id: 63dc366d-5740-4eaa-af0e-651718503203] - authentication successful using: SNOWFLAKE"}
{"level":"INFO","message":"[3:05:32.313 PM]: Trying to initialize Easy Logging"}
{"level":"INFO","message":"[3:05:32.323 PM]: No client config detected."}
{"level":"INFO","message":"[3:05:32.324 PM]: No config file path found. Client config will not be used."}
{"level":"INFO","message":"[3:05:32.326 PM]: Easy Logging is disabled as no config has been found"}
{"level":"INFO","message":"[3:05:32.333 PM]: Connection[id: 63dc366d-5740-4eaa-af0e-651718503203] - connected successfully after 27.606291000000056 milliseconds"}
{"level":"INFO","message":"[3:14:29.558 PM]: Creating new connection object"}
{"level":"INFO","message":"[3:14:29.575 PM]: Creating Connection[id: 8df3577a-12e8-43a6-8668-055ad52bb3f7] with host: FEBEOOK-RVB78017.snowflakecomputing.com, account: FEBEOOK-RVB78017, accessUrl: https://FEBEOOK-RVB78017.snowflakecomputing.com, user: NICOLE, password is provided, role: USERADMIN, database: REPRALLY, schema: ANALYTICS, warehouse: COMPUTE_WH, region: undefined, authenticator: SNOWFLAKE, ocsp mode: FAIL_OPEN, os: darwin, os version: 22.3.0"}
{"level":"INFO","message":"[3:14:29.578 PM]: Connection[id: 8df3577a-12e8-43a6-8668-055ad52bb3f7] additional details: passcode in password is provided, passcode is not provided, private key is not provided, application: undefined, client name: snowflake-sdk, client version: 1.15.0, retry timeout: 300, private key path: undefined, private key pass is not provided, client store temporary credential: false, browser response timeout: 120000"}
{"level":"INFO","message":"[3:14:29.579 PM]: Connection[id: 8df3577a-12e8-43a6-8668-055ad52bb3f7] - connection object created successfully."}
{"level":"INFO","message":"[3:14:29.580 PM]: Connection[id: 8df3577a-12e8-43a6-8668-055ad52bb3f7] - connecting. Associated Snowflake domain: GLOBAL"}
{"level":"INFO","message":"[3:14:29.587 PM]: Connection[id: 8df3577a-12e8-43a6-8668-055ad52bb3f7] - authentication successful using: SNOWFLAKE"}
{"level":"INFO","message":"[3:14:29.588 PM]: Trying to initialize Easy Logging"}
{"level":"INFO","message":"[3:14:29.597 PM]: No client config detected."}
{"level":"INFO","message":"[3:14:29.598 PM]: No config file path found. Client config will not be used."}
{"level":"INFO","message":"[3:14:29.600 PM]: Easy Logging is disabled as no config has been found"}
{"level":"INFO","message":"[3:14:29.608 PM]: Connection[id: 8df3577a-12e8-43a6-8668-055ad52bb3f7] - connected successfully after 28.328417000000172 milliseconds"}
{"level":"INFO","message":"[3:18:48.353 PM]: Creating new connection object"}
{"level":"INFO","message":"[3:18:48.373 PM]: Creating Connection[id: 62697a4c-d2ff-4125-985e-f4d1dc6fe2dc] with host: FEBEOOK-RVB78017.snowflakecomputing.com, account: FEBEOOK-RVB78017, accessUrl: https://FEBEOOK-RVB78017.snowflakecomputing.com, user: NICOLE, password is provided, role: USERADMIN, database: REPRALLY, schema: ANALYTICS, warehouse: COMPUTE_WH, region: undefined, authenticator: SNOWFLAKE, ocsp mode: FAIL_OPEN, os: darwin, os version: 22.3.0"}
{"level":"INFO","message":"[3:18:48.375 PM]: Connection[id: 62697a4c-d2ff-4125-985e-f4d1dc6fe2dc] additional details: passcode in password is provided, passcode is not provided, private key is not provided, application: undefined, client name: snowflake-sdk, client version: 1.15.0, retry timeout: 300, private key path: undefined, private key pass is not provided, client store temporary credential: false, browser response timeout: 120000"}
{"level":"INFO","message":"[3:18:48.377 PM]: Connection[id: 62697a4c-d2ff-4125-985e-f4d1dc6fe2dc] - connection object created successfully."}
{"level":"INFO","message":"[3:18:48.378 PM]: Connection[id: 62697a4c-d2ff-4125-985e-f4d1dc6fe2dc] - connecting. Associated Snowflake domain: GLOBAL"}
{"level":"INFO","message":"[3:18:48.381 PM]: Connection[id: 62697a4c-d2ff-4125-985e-f4d1dc6fe2dc] - authentication successful using: SNOWFLAKE"}
{"level":"INFO","message":"[3:18:48.382 PM]: Trying to initialize Easy Logging"}
{"level":"INFO","message":"[3:18:48.388 PM]: No client config detected."}
{"level":"INFO","message":"[3:18:48.388 PM]: No config file path found. Client config will not be used."}
{"level":"INFO","message":"[3:18:48.390 PM]: Easy Logging is disabled as no config has been found"}
{"level":"INFO","message":"[3:18:48.398 PM]: Connection[id: 62697a4c-d2ff-4125-985e-f4d1dc6fe2dc] - connected successfully after 19.613666999999964 milliseconds"}
{"level":"INFO","message":"[3:30:11.320 PM]: Creating new connection object"}
{"level":"INFO","message":"[3:30:11.342 PM]: Creating Connection[id: 0b1e6e2a-278a-45d6-9e80-8c2cdbcf519b] with host: FEBEOOK-RVB78017.snowflakecomputing.com, account: FEBEOOK-RVB78017, accessUrl: https://FEBEOOK-RVB78017.snowflakecomputing.com, user: NICOLE, password is provided, role: USERADMIN, database: REPRALLY, schema: ANALYTICS, warehouse: COMPUTE_WH, region: undefined, authenticator: SNOWFLAKE, ocsp mode: FAIL_OPEN, os: darwin, os version: 22.3.0"}
{"level":"INFO","message":"[3:30:11.344 PM]: Connection[id: 0b1e6e2a-278a-45d6-9e80-8c2cdbcf519b] additional details: passcode in password is provided, passcode is not provided, private key is not provided, application: undefined, client name: snowflake-sdk, client version: 1.15.0, retry timeout: 300, private key path: undefined, private key pass is not provided, client store temporary credential: false, browser response timeout: 120000"}
{"level":"INFO","message":"[3:30:11.345 PM]: Connection[id: 0b1e6e2a-278a-45d6-9e80-8c2cdbcf519b] - connection object created successfully."}
{"level":"INFO","message":"[3:30:11.347 PM]: Connection[id: 0b1e6e2a-278a-45d6-9e80-8c2cdbcf519b] - connecting. Associated Snowflake domain: GLOBAL"}
{"level":"INFO","message":"[3:30:11.349 PM]: Connection[id: 0b1e6e2a-278a-45d6-9e80-8c2cdbcf519b] - authentication successful using: SNOWFLAKE"}
{"level":"INFO","message":"[3:30:11.350 PM]: Trying to initialize Easy Logging"}
{"level":"INFO","message":"[3:30:11.359 PM]: No client config detected."}
{"level":"INFO","message":"[3:30:11.360 PM]: No config file path found. Client config will not be used."}
{"level":"INFO","message":"[3:30:11.361 PM]: Easy Logging is disabled as no config has been found"}
{"level":"INFO","message":"[3:30:11.369 PM]: Connection[id: 0b1e6e2a-278a-45d6-9e80-8c2cdbcf519b] - connected successfully after 21.95187499999986 milliseconds"}
{"level":"INFO","message":"[3:33:34.586 PM]: Creating new connection object"}
{"level":"INFO","message":"[3:33:34.604 PM]: Creating Connection[id: bd4ed9f9-d9d7-40df-992c-ed8750ee32b6] with host: FEBEOOK-RVB78017.snowflakecomputing.com, account: FEBEOOK-RVB78017, accessUrl: https://FEBEOOK-RVB78017.snowflakecomputing.com, user: NICOLE, password is provided, role: USERADMIN, database: REPRALLY, schema: ANALYTICS, warehouse: COMPUTE_WH, region: undefined, authenticator: SNOWFLAKE, ocsp mode: FAIL_OPEN, os: darwin, os version: 22.3.0"}
{"level":"INFO","message":"[3:33:34.607 PM]: Connection[id: bd4ed9f9-d9d7-40df-992c-ed8750ee32b6] additional details: passcode in password is provided, passcode is not provided, private key is not provided, application: undefined, client name: snowflake-sdk, client version: 1.15.0, retry timeout: 300, private key path: undefined, private key pass is not provided, client store temporary credential: false, browser response timeout: 120000"}
{"level":"INFO","message":"[3:33:34.608 PM]: Connection[id: bd4ed9f9-d9d7-40df-992c-ed8750ee32b6] - connection object created successfully."}
{"level":"INFO","message":"[3:33:34.609 PM]: Connection[id: bd4ed9f9-d9d7-40df-992c-ed8750ee32b6] - connecting. Associated Snowflake domain: GLOBAL"}
{"level":"INFO","message":"[3:33:34.611 PM]: Connection[id: bd4ed9f9-d9d7-40df-992c-ed8750ee32b6] - authentication successful using: SNOWFLAKE"}
{"level":"INFO","message":"[3:33:34.612 PM]: Trying to initialize Easy Logging"}
{"level":"INFO","message":"[3:33:34.619 PM]: No client config detected."}
{"level":"INFO","message":"[3:33:34.619 PM]: No config file path found. Client config will not be used."}
{"level":"INFO","message":"[3:33:34.620 PM]: Easy Logging is disabled as no config has been found"}
{"level":"INFO","message":"[3:33:34.626 PM]: Connection[id: bd4ed9f9-d9d7-40df-992c-ed8750ee32b6] - connected successfully after 17.30704199999991 milliseconds"}
{"level":"INFO","message":"[4:01:18.683 PM]: Creating new connection object"}
{"level":"INFO","message":"[4:01:18.701 PM]: Creating Connection[id: dee1c41c-2d72-4bd5-8d65-f0fec7cfb11c] with host: FEBEOOK-RVB78017.snowflakecomputing.com, account: FEBEOOK-RVB78017, accessUrl: https://FEBEOOK-RVB78017.snowflakecomputing.com, user: NICOLE, password is provided, role: USERADMIN, database: REPRALLY, schema: ANALYTICS, warehouse: COMPUTE_WH, region: undefined, authenticator: SNOWFLAKE, ocsp mode: FAIL_OPEN, os: darwin, os version: 22.3.0"}
{"level":"INFO","message":"[4:01:18.703 PM]: Connection[id: dee1c41c-2d72-4bd5-8d65-f0fec7cfb11c] additional details: passcode in password is provided, passcode is not provided, private key is not provided, application: undefined, client name: snowflake-sdk, client version: 1.15.0, retry timeout: 300, private key path: undefined, private key pass is not provided, client store temporary credential: false, browser response timeout: 120000"}
{"level":"INFO","message":"[4:01:18.704 PM]: Connection[id: dee1c41c-2d72-4bd5-8d65-f0fec7cfb11c] - connection object created successfully."}
{"level":"INFO","message":"[4:01:18.706 PM]: Connection[id: dee1c41c-2d72-4bd5-8d65-f0fec7cfb11c] - connecting. Associated Snowflake domain: GLOBAL"}
{"level":"INFO","message":"[4:01:18.708 PM]: Connection[id: dee1c41c-2d72-4bd5-8d65-f0fec7cfb11c] - authentication successful using: SNOWFLAKE"}
{"level":"INFO","message":"[4:01:18.709 PM]: Trying to initialize Easy Logging"}
{"level":"INFO","message":"[4:01:18.714 PM]: No client config detected."}
{"level":"INFO","message":"[4:01:18.715 PM]: No config file path found. Client config will not be used."}
{"level":"INFO","message":"[4:01:18.716 PM]: Easy Logging is disabled as no config has been found"}
{"level":"INFO","message":"[4:01:18.723 PM]: Connection[id: dee1c41c-2d72-4bd5-8d65-f0fec7cfb11c] - connected successfully after 17.008249999999975 milliseconds"}
{"level":"INFO","message":"[4:03:18.447 PM]: Creating new connection object"}
{"level":"INFO","message":"[4:03:18.464 PM]: Creating Connection[id: ad8b6913-288a-40a3-9724-fd3af4023c19] with host: FEBEOOK-RVB78017.snowflakecomputing.com, account: FEBEOOK-RVB78017, accessUrl: https://FEBEOOK-RVB78017.snowflakecomputing.com, user: NICOLE, password is provided, role: USERADMIN, database: REPRALLY, schema: ANALYTICS, warehouse: COMPUTE_WH, region: undefined, authenticator: SNOWFLAKE, ocsp mode: FAIL_OPEN, os: darwin, os version: 22.3.0"}
{"level":"INFO","message":"[4:03:18.467 PM]: Connection[id: ad8b6913-288a-40a3-9724-fd3af4023c19] additional details: passcode in password is provided, passcode is not provided, private key is not provided, application: undefined, client name: snowflake-sdk, client version: 1.15.0, retry timeout: 300, private key path: undefined, private key pass is not provided, client store temporary credential: false, browser response timeout: 120000"}
{"level":"INFO","message":"[4:03:18.468 PM]: Connection[id: ad8b6913-288a-40a3-9724-fd3af4023c19] - connection object created successfully."}
{"level":"INFO","message":"[4:03:18.470 PM]: Connection[id: ad8b6913-288a-40a3-9724-fd3af4023c19] - connecting. Associated Snowflake domain: GLOBAL"}
{"level":"INFO","message":"[4:03:18.471 PM]: Connection[id: ad8b6913-288a-40a3-9724-fd3af4023c19] - authentication successful using: SNOWFLAKE"}
{"level":"INFO","message":"[4:03:18.472 PM]: Trying to initialize Easy Logging"}
{"level":"INFO","message":"[4:03:18.477 PM]: No client config detected."}
{"level":"INFO","message":"[4:03:18.478 PM]: No config file path found. Client config will not be used."}
{"level":"INFO","message":"[4:03:18.479 PM]: Easy Logging is disabled as no config has been found"}
{"level":"INFO","message":"[4:03:18.486 PM]: Connection[id: ad8b6913-288a-40a3-9724-fd3af4023c19] - connected successfully after 15.904708000000028 milliseconds"}
{"level":"INFO","message":"[4:08:43.084 PM]: Creating new connection object"}
{"level":"INFO","message":"[4:08:43.101 PM]: Creating Connection[id: ad8ba369-5943-4e0e-a0f2-ab302930f68b] with host: FEBEOOK-RVB78017.snowflakecomputing.com, account: FEBEOOK-RVB78017, accessUrl: https://FEBEOOK-RVB78017.snowflakecomputing.com, user: NICOLE, password is provided, role: USERADMIN, database: REPRALLY, schema: ANALYTICS, warehouse: COMPUTE_WH, region: undefined, authenticator: SNOWFLAKE, ocsp mode: FAIL_OPEN, os: darwin, os version: 22.3.0"}
{"level":"INFO","message":"[4:08:43.103 PM]: Connection[id: ad8ba369-5943-4e0e-a0f2-ab302930f68b] additional details: passcode in password is provided, passcode is not provided, private key is not provided, application: undefined, client name: snowflake-sdk, client version: 1.15.0, retry timeout: 300, private key path: undefined, private key pass is not provided, client store temporary credential: false, browser response timeout: 120000"}
{"level":"INFO","message":"[4:08:43.104 PM]: Connection[id: ad8ba369-5943-4e0e-a0f2-ab302930f68b] - connection object created successfully."}
{"level":"INFO","message":"[4:08:43.105 PM]: Connection[id: ad8ba369-5943-4e0e-a0f2-ab302930f68b] - connecting. Associated Snowflake domain: GLOBAL"}
{"level":"INFO","message":"[4:08:43.107 PM]: Connection[id: ad8ba369-5943-4e0e-a0f2-ab302930f68b] - authentication successful using: SNOWFLAKE"}
{"level":"INFO","message":"[4:08:43.108 PM]: Trying to initialize Easy Logging"}
{"level":"INFO","message":"[4:08:43.113 PM]: No client config detected."}
{"level":"INFO","message":"[4:08:43.113 PM]: No config file path found. Client config will not be used."}
{"level":"INFO","message":"[4:08:43.114 PM]: Easy Logging is disabled as no config has been found"}
{"level":"INFO","message":"[4:08:43.121 PM]: Connection[id: ad8ba369-5943-4e0e-a0f2-ab302930f68b] - connected successfully after 15.488249999999994 milliseconds"}
{"level":"INFO","message":"[4:11:30.542 PM]: Creating new connection object"}
{"level":"INFO","message":"[4:11:30.567 PM]: Creating Connection[id: 0f9f4a32-2060-4f42-84f9-07a34106b265] with host: FEBEOOK-RVB78017.snowflakecomputing.com, account: FEBEOOK-RVB78017, accessUrl: https://FEBEOOK-RVB78017.snowflakecomputing.com, user: NICOLE, password is provided, role: USERADMIN, database: REPRALLY, schema: ANALYTICS, warehouse: COMPUTE_WH, region: undefined, authenticator: SNOWFLAKE, ocsp mode: FAIL_OPEN, os: darwin, os version: 22.3.0"}
{"level":"INFO","message":"[4:11:30.571 PM]: Connection[id: 0f9f4a32-2060-4f42-84f9-07a34106b265] additional details: passcode in password is provided, passcode is not provided, private key is not provided, application: undefined, client name: snowflake-sdk, client version: 1.15.0, retry timeout: 300, private key path: undefined, private key pass is not provided, client store temporary credential: false, browser response timeout: 120000"}
{"level":"INFO","message":"[4:11:30.573 PM]: Connection[id: 0f9f4a32-2060-4f42-84f9-07a34106b265] - connection object created successfully."}
{"level":"INFO","message":"[4:11:30.574 PM]: Connection[id: 0f9f4a32-2060-4f42-84f9-07a34106b265] - connecting. Associated Snowflake domain: GLOBAL"}
{"level":"INFO","message":"[4:11:30.578 PM]: Connection[id: 0f9f4a32-2060-4f42-84f9-07a34106b265] - authentication successful using: SNOWFLAKE"}
{"level":"INFO","message":"[4:11:30.580 PM]: Trying to initialize Easy Logging"}
{"level":"INFO","message":"[4:11:30.588 PM]: No client config detected."}
{"level":"INFO","message":"[4:11:30.589 PM]: No config file path found. Client config will not be used."}
{"level":"INFO","message":"[4:11:30.590 PM]: Easy Logging is disabled as no config has been found"}
{"level":"INFO","message":"[4:11:30.598 PM]: Connection[id: 0f9f4a32-2060-4f42-84f9-07a34106b265] - connected successfully after 23.95541700000001 milliseconds"}
{"level":"INFO","message":"[4:27:21.826 PM]: Creating new connection object"}
{"level":"INFO","message":"[4:27:21.845 PM]: Creating Connection[id: c1c53b5f-8b5b-45c0-89df-8396a580b5af] with host: FEBEOOK-RVB78017.snowflakecomputing.com, account: FEBEOOK-RVB78017, accessUrl: https://FEBEOOK-RVB78017.snowflakecomputing.com, user: NICOLE, password is provided, role: USERADMIN, database: REPRALLY, schema: ANALYTICS, warehouse: COMPUTE_WH, region: undefined, authenticator: SNOWFLAKE, ocsp mode: FAIL_OPEN, os: darwin, os version: 22.3.0"}
{"level":"INFO","message":"[4:27:21.847 PM]: Connection[id: c1c53b5f-8b5b-45c0-89df-8396a580b5af] additional details: passcode in password is provided, passcode is not provided, private key is not provided, application: undefined, client name: snowflake-sdk, client version: 1.15.0, retry timeout: 300, private key path: undefined, private key pass is not provided, client store temporary credential: false, browser response timeout: 120000"}
{"level":"INFO","message":"[4:27:21.848 PM]: Connection[id: c1c53b5f-8b5b-45c0-89df-8396a580b5af] - connection object created successfully."}
{"level":"INFO","message":"[4:27:21.852 PM]: Connection[id: c1c53b5f-8b5b-45c0-89df-8396a580b5af] - connecting. Associated Snowflake domain: GLOBAL"}
{"level":"INFO","message":"[4:27:21.854 PM]: Connection[id: c1c53b5f-8b5b-45c0-89df-8396a580b5af] - authentication successful using: SNOWFLAKE"}
{"level":"INFO","message":"[4:27:21.855 PM]: Trying to initialize Easy Logging"}
{"level":"INFO","message":"[4:27:21.863 PM]: No client config detected."}
{"level":"INFO","message":"[4:27:21.863 PM]: No config file path found. Client config will not be used."}
{"level":"INFO","message":"[4:27:21.864 PM]: Easy Logging is disabled as no config has been found"}
{"level":"INFO","message":"[4:27:21.871 PM]: Connection[id: c1c53b5f-8b5b-45c0-89df-8396a580b5af] - connected successfully after 18.677999999999997 milliseconds"}
{"level":"INFO","message":"[4:28:16.784 PM]: Creating new connection object"}
{"level":"INFO","message":"[4:28:16.805 PM]: Creating Connection[id: c7a2ed47-0d8b-45b1-a81c-b6af2b87c7c1] with host: FEBEOOK-RVB78017.snowflakecomputing.com, account: FEBEOOK-RVB78017, accessUrl: https://FEBEOOK-RVB78017.snowflakecomputing.com, user: NICOLE, password is provided, role: USERADMIN, database: REPRALLY, schema: ANALYTICS, warehouse: COMPUTE_WH, region: undefined, authenticator: SNOWFLAKE, ocsp mode: FAIL_OPEN, os: darwin, os version: 22.3.0"}
{"level":"INFO","message":"[4:28:16.807 PM]: Connection[id: c7a2ed47-0d8b-45b1-a81c-b6af2b87c7c1] additional details: passcode in password is provided, passcode is not provided, private key is not provided, application: undefined, client name: snowflake-sdk, client version: 1.15.0, retry timeout: 300, private key path: undefined, private key pass is not provided, client store temporary credential: false, browser response timeout: 120000"}
{"level":"INFO","message":"[4:28:16.809 PM]: Connection[id: c7a2ed47-0d8b-45b1-a81c-b6af2b87c7c1] - connection object created successfully."}
{"level":"INFO","message":"[4:28:16.810 PM]: Connection[id: c7a2ed47-0d8b-45b1-a81c-b6af2b87c7c1] - connecting. Associated Snowflake domain: GLOBAL"}
{"level":"INFO","message":"[4:28:16.813 PM]: Connection[id: c7a2ed47-0d8b-45b1-a81c-b6af2b87c7c1] - authentication successful using: SNOWFLAKE"}
{"level":"INFO","message":"[4:28:16.814 PM]: Trying to initialize Easy Logging"}
{"level":"INFO","message":"[4:28:16.821 PM]: No client config detected."}
{"level":"INFO","message":"[4:28:16.821 PM]: No config file path found. Client config will not be used."}
{"level":"INFO","message":"[4:28:16.823 PM]: Easy Logging is disabled as no config has been found"}
{"level":"INFO","message":"[4:28:16.829 PM]: Connection[id: c7a2ed47-0d8b-45b1-a81c-b6af2b87c7c1] - connected successfully after 18.99966699999993 milliseconds"}
{"level":"INFO","message":"[4:32:07.646 PM]: Creating new connection object"}
{"level":"INFO","message":"[4:32:07.665 PM]: Creating Connection[id: ba167cf9-c882-4051-9bda-b251d050ffdf] with host: FEBEOOK-RVB78017.snowflakecomputing.com, account: FEBEOOK-RVB78017, accessUrl: https://FEBEOOK-RVB78017.snowflakecomputing.com, user: NICOLE, password is provided, role: USERADMIN, database: REPRALLY, schema: ANALYTICS, warehouse: COMPUTE_WH, region: undefined, authenticator: SNOWFLAKE, ocsp mode: FAIL_OPEN, os: darwin, os version: 22.3.0"}
{"level":"INFO","message":"[4:32:07.667 PM]: Connection[id: ba167cf9-c882-4051-9bda-b251d050ffdf] additional details: passcode in password is provided, passcode is not provided, private key is not provided, application: undefined, client name: snowflake-sdk, client version: 1.15.0, retry timeout: 300, private key path: undefined, private key pass is not provided, client store temporary credential: false, browser response timeout: 120000"}
{"level":"INFO","message":"[4:32:07.669 PM]: Connection[id: ba167cf9-c882-4051-9bda-b251d050ffdf] - connection object created successfully."}
{"level":"INFO","message":"[4:32:07.670 PM]: Connection[id: ba167cf9-c882-4051-9bda-b251d050ffdf] - connecting. Associated Snowflake domain: GLOBAL"}
{"level":"INFO","message":"[4:32:07.673 PM]: Connection[id: ba167cf9-c882-4051-9bda-b251d050ffdf] - authentication successful using: SNOWFLAKE"}
{"level":"INFO","message":"[4:32:07.673 PM]: Trying to initialize Easy Logging"}
{"level":"INFO","message":"[4:32:07.679 PM]: No client config detected."}
{"level":"INFO","message":"[4:32:07.680 PM]: No config file path found. Client config will not be used."}
{"level":"INFO","message":"[4:32:07.681 PM]: Easy Logging is disabled as no config has been found"}
{"level":"INFO","message":"[4:32:07.688 PM]: Connection[id: ba167cf9-c882-4051-9bda-b251d050ffdf] - connected successfully after 17.58420799999999 milliseconds"}
{"level":"INFO","message":"[4:43:58.095 PM]: Creating new connection object"}
{"level":"INFO","message":"[4:43:58.112 PM]: Creating Connection[id: 48823688-4883-4dfd-9cdd-82625131b38e] with host: FEBEOOK-RVB78017.snowflakecomputing.com, account: FEBEOOK-RVB78017, accessUrl: https://FEBEOOK-RVB78017.snowflakecomputing.com, user: NICOLE, password is provided, role: USERADMIN, database: REPRALLY, schema: ANALYTICS, warehouse: COMPUTE_WH, region: undefined, authenticator: SNOWFLAKE, ocsp mode: FAIL_OPEN, os: darwin, os version: 22.3.0"}
{"level":"INFO","message":"[4:43:58.113 PM]: Connection[id: 48823688-4883-4dfd-9cdd-82625131b38e] additional details: passcode in password is provided, passcode is not provided, private key is not provided, application: undefined, client name: snowflake-sdk, client version: 1.15.0, retry timeout: 300, private key path: undefined, private key pass is not provided, client store temporary credential: false, browser response timeout: 120000"}
{"level":"INFO","message":"[4:43:58.114 PM]: Connection[id: 48823688-4883-4dfd-9cdd-82625131b38e] - connection object created successfully."}
{"level":"INFO","message":"[4:43:58.116 PM]: Connection[id: 48823688-4883-4dfd-9cdd-82625131b38e] - connecting. Associated Snowflake domain: GLOBAL"}
{"level":"INFO","message":"[4:43:58.117 PM]: Connection[id: 48823688-4883-4dfd-9cdd-82625131b38e] - authentication successful using: SNOWFLAKE"}
{"level":"INFO","message":"[4:43:58.118 PM]: Trying to initialize Easy Logging"}
{"level":"INFO","message":"[4:43:58.123 PM]: No client config detected."}
{"level":"INFO","message":"[4:43:58.124 PM]: No config file path found. Client config will not be used."}
{"level":"INFO","message":"[4:43:58.125 PM]: Easy Logging is disabled as no config has been found"}
{"level":"INFO","message":"[4:43:58.131 PM]: Connection[id: 48823688-4883-4dfd-9cdd-82625131b38e] - connected successfully after 15.526082999999971 milliseconds"}
{"level":"INFO","message":"[4:50:54.190 PM]: Creating new connection object"}
{"level":"INFO","message":"[4:50:54.209 PM]: Creating Connection[id: 1eff589d-6aea-4078-921a-c0887c585f94] with host: FEBEOOK-RVB78017.snowflakecomputing.com, account: FEBEOOK-RVB78017, accessUrl: https://FEBEOOK-RVB78017.snowflakecomputing.com, user: NICOLE, password is provided, role: USERADMIN, database: REPRALLY, schema: ANALYTICS, warehouse: COMPUTE_WH, region: undefined, authenticator: SNOWFLAKE, ocsp mode: FAIL_OPEN, os: darwin, os version: 22.3.0"}
{"level":"INFO","message":"[4:50:54.211 PM]: Connection[id: 1eff589d-6aea-4078-921a-c0887c585f94] additional details: passcode in password is provided, passcode is not provided, private key is not provided, application: undefined, client name: snowflake-sdk, client version: 1.15.0, retry timeout: 300, private key path: undefined, private key pass is not provided, client store temporary credential: false, browser response timeout: 120000"}
{"level":"INFO","message":"[4:50:54.212 PM]: Connection[id: 1eff589d-6aea-4078-921a-c0887c585f94] - connection object created successfully."}
{"level":"INFO","message":"[4:50:54.213 PM]: Connection[id: 1eff589d-6aea-4078-921a-c0887c585f94] - connecting. Associated Snowflake domain: GLOBAL"}
{"level":"INFO","message":"[4:50:54.215 PM]: Connection[id: 1eff589d-6aea-4078-921a-c0887c585f94] - authentication successful using: SNOWFLAKE"}
{"level":"INFO","message":"[4:50:54.216 PM]: Trying to initialize Easy Logging"}
{"level":"INFO","message":"[4:50:54.222 PM]: No client config detected."}
{"level":"INFO","message":"[4:50:54.223 PM]: No config file path found. Client config will not be used."}
{"level":"INFO","message":"[4:50:54.224 PM]: Easy Logging is disabled as no config has been found"}
{"level":"INFO","message":"[4:50:54.230 PM]: Connection[id: 1eff589d-6aea-4078-921a-c0887c585f94] - connected successfully after 16.72762499999999 milliseconds"}
{"level":"INFO","message":"[4:57:30.622 PM]: Creating new connection object"}
{"level":"INFO","message":"[4:57:30.639 PM]: Creating Connection[id: 383d585a-472a-4b13-ac49-57b6cd99b2ad] with host: FEBEOOK-RVB78017.snowflakecomputing.com, account: FEBEOOK-RVB78017, accessUrl: https://FEBEOOK-RVB78017.snowflakecomputing.com, user: NICOLE, password is provided, role: USERADMIN, database: REPRALLY, schema: ANALYTICS, warehouse: COMPUTE_WH, region: undefined, authenticator: SNOWFLAKE, ocsp mode: FAIL_OPEN, os: darwin, os version: 22.3.0"}
{"level":"INFO","message":"[4:57:30.641 PM]: Connection[id: 383d585a-472a-4b13-ac49-57b6cd99b2ad] additional details: passcode in password is provided, passcode is not provided, private key is not provided, application: undefined, client name: snowflake-sdk, client version: 1.15.0, retry timeout: 300, private key path: undefined, private key pass is not provided, client store temporary credential: false, browser response timeout: 120000"}
{"level":"INFO","message":"[4:57:30.643 PM]: Connection[id: 383d585a-472a-4b13-ac49-57b6cd99b2ad] - connection object created successfully."}
{"level":"INFO","message":"[4:57:30.644 PM]: Connection[id: 383d585a-472a-4b13-ac49-57b6cd99b2ad] - connecting. Associated Snowflake domain: GLOBAL"}
{"level":"INFO","message":"[4:57:30.646 PM]: Connection[id: 383d585a-472a-4b13-ac49-57b6cd99b2ad] - authentication successful using: SNOWFLAKE"}
{"level":"INFO","message":"[4:57:30.647 PM]: Trying to initialize Easy Logging"}
{"level":"INFO","message":"[4:57:30.652 PM]: No client config detected."}
{"level":"INFO","message":"[4:57:30.653 PM]: No config file path found. Client config will not be used."}
{"level":"INFO","message":"[4:57:30.654 PM]: Easy Logging is disabled as no config has been found"}
{"level":"INFO","message":"[4:57:30.660 PM]: Connection[id: 383d585a-472a-4b13-ac49-57b6cd99b2ad] - connected successfully after 16.536790999999994 milliseconds"}
{"level":"INFO","message":"[5:15:26.092 PM]: Creating new connection object"}
{"level":"INFO","message":"[5:15:26.118 PM]: Creating Connection[id: 312ef8ad-34f7-4ff2-8122-4d6b05fe0ca9] with host: FEBEOOK-RVB78017.snowflakecomputing.com, account: FEBEOOK-RVB78017, accessUrl: https://FEBEOOK-RVB78017.snowflakecomputing.com, user: NICOLE, password is provided, role: USERADMIN, database: REPRALLY, schema: ANALYTICS, warehouse: COMPUTE_WH, region: undefined, authenticator: SNOWFLAKE, ocsp mode: FAIL_OPEN, os: darwin, os version: 22.3.0"}
{"level":"INFO","message":"[5:15:26.121 PM]: Connection[id: 312ef8ad-34f7-4ff2-8122-4d6b05fe0ca9] additional details: passcode in password is provided, passcode is not provided, private key is not provided, application: undefined, client name: snowflake-sdk, client version: 1.15.0, retry timeout: 300, private key path: undefined, private key pass is not provided, client store temporary credential: false, browser response timeout: 120000"}
{"level":"INFO","message":"[5:15:26.123 PM]: Connection[id: 312ef8ad-34f7-4ff2-8122-4d6b05fe0ca9] - connection object created successfully."}
{"level":"INFO","message":"[5:15:26.125 PM]: Connection[id: 312ef8ad-34f7-4ff2-8122-4d6b05fe0ca9] - connecting. Associated Snowflake domain: GLOBAL"}
{"level":"INFO","message":"[5:15:26.130 PM]: Connection[id: 312ef8ad-34f7-4ff2-8122-4d6b05fe0ca9] - authentication successful using: SNOWFLAKE"}
{"level":"INFO","message":"[5:15:26.131 PM]: Trying to initialize Easy Logging"}
{"level":"INFO","message":"[5:15:26.148 PM]: No client config detected."}
{"level":"INFO","message":"[5:15:26.149 PM]: No config file path found. Client config will not be used."}
{"level":"INFO","message":"[5:15:26.152 PM]: Easy Logging is disabled as no config has been found"}
{"level":"INFO","message":"[5:15:26.165 PM]: Connection[id: 312ef8ad-34f7-4ff2-8122-4d6b05fe0ca9] - connected successfully after 39.77804200000003 milliseconds"}
{"level":"INFO","message":"[5:16:52.180 PM]: Creating new connection object"}
{"level":"INFO","message":"[5:16:52.195 PM]: Creating Connection[id: 51137629-5ef5-4096-9e9e-9fd6e3849491] with host: FEBEOOK-RVB78017.snowflakecomputing.com, account: FEBEOOK-RVB78017, accessUrl: https://FEBEOOK-RVB78017.snowflakecomputing.com, user: NICOLE, password is provided, role: USERADMIN, database: REPRALLY, schema: ANALYTICS, warehouse: COMPUTE_WH, region: undefined, authenticator: SNOWFLAKE, ocsp mode: FAIL_OPEN, os: darwin, os version: 22.3.0"}
{"level":"INFO","message":"[5:16:52.197 PM]: Connection[id: 51137629-5ef5-4096-9e9e-9fd6e3849491] additional details: passcode in password is provided, passcode is not provided, private key is not provided, application: undefined, client name: snowflake-sdk, client version: 1.15.0, retry timeout: 300, private key path: undefined, private key pass is not provided, client store temporary credential: false, browser response timeout: 120000"}
{"level":"INFO","message":"[5:16:52.198 PM]: Connection[id: 51137629-5ef5-4096-9e9e-9fd6e3849491] - connection object created successfully."}
{"level":"INFO","message":"[5:16:52.199 PM]: Connection[id: 51137629-5ef5-4096-9e9e-9fd6e3849491] - connecting. Associated Snowflake domain: GLOBAL"}
{"level":"INFO","message":"[5:16:52.202 PM]: Connection[id: 51137629-5ef5-4096-9e9e-9fd6e3849491] - authentication successful using: SNOWFLAKE"}
{"level":"INFO","message":"[5:16:52.203 PM]: Trying to initialize Easy Logging"}
{"level":"INFO","message":"[5:16:52.208 PM]: No client config detected."}
{"level":"INFO","message":"[5:16:52.209 PM]: No config file path found. Client config will not be used."}
{"level":"INFO","message":"[5:16:52.210 PM]: Easy Logging is disabled as no config has been found"}
{"level":"INFO","message":"[5:16:52.215 PM]: Connection[id: 51137629-5ef5-4096-9e9e-9fd6e3849491] - connected successfully after 15.707833999999934 milliseconds"}
{"level":"INFO","message":"[5:28:46.564 PM]: Creating new connection object"}
{"level":"INFO","message":"[5:28:46.585 PM]: Creating Connection[id: 7142ef87-3e94-4be4-9212-79eeba2a47b1] with host: FEBEOOK-RVB78017.snowflakecomputing.com, account: FEBEOOK-RVB78017, accessUrl: https://FEBEOOK-RVB78017.snowflakecomputing.com, user: NICOLE, password is provided, role: USERADMIN, database: REPRALLY, schema: ANALYTICS, warehouse: COMPUTE_WH, region: undefined, authenticator: SNOWFLAKE, ocsp mode: FAIL_OPEN, os: darwin, os version: 22.3.0"}
{"level":"INFO","message":"[5:28:46.588 PM]: Connection[id: 7142ef87-3e94-4be4-9212-79eeba2a47b1] additional details: passcode in password is provided, passcode is not provided, private key is not provided, application: undefined, client name: snowflake-sdk, client version: 1.15.0, retry timeout: 300, private key path: undefined, private key pass is not provided, client store temporary credential: false, browser response timeout: 120000"}
{"level":"INFO","message":"[5:28:46.589 PM]: Connection[id: 7142ef87-3e94-4be4-9212-79eeba2a47b1] - connection object created successfully."}
{"level":"INFO","message":"[5:28:46.590 PM]: Connection[id: 7142ef87-3e94-4be4-9212-79eeba2a47b1] - connecting. Associated Snowflake domain: GLOBAL"}
{"level":"INFO","message":"[5:28:46.592 PM]: Connection[id: 7142ef87-3e94-4be4-9212-79eeba2a47b1] - authentication successful using: SNOWFLAKE"}
{"level":"INFO","message":"[5:28:46.593 PM]: Trying to initialize Easy Logging"}
{"level":"INFO","message":"[5:28:46.601 PM]: No client config detected."}
{"level":"INFO","message":"[5:28:46.602 PM]: No config file path found. Client config will not be used."}
{"level":"INFO","message":"[5:28:46.603 PM]: Easy Logging is disabled as no config has been found"}
{"level":"INFO","message":"[5:28:46.610 PM]: Connection[id: 7142ef87-3e94-4be4-9212-79eeba2a47b1] - connected successfully after 19.981083999999896 milliseconds"}
{"level":"INFO","message":"[5:59:43.156 PM]: Creating new connection object"}
{"level":"INFO","message":"[5:59:43.178 PM]: Creating Connection[id: 0a6f4330-7186-42f1-96ee-d326cf405f20] with host: FEBEOOK-RVB78017.snowflakecomputing.com, account: FEBEOOK-RVB78017, accessUrl: https://FEBEOOK-RVB78017.snowflakecomputing.com, user: NICOLE, password is provided, role: USERADMIN, database: REPRALLY, schema: ANALYTICS, warehouse: COMPUTE_WH, region: undefined, authenticator: SNOWFLAKE, ocsp mode: FAIL_OPEN, os: darwin, os version: 22.3.0"}
{"level":"INFO","message":"[5:59:43.180 PM]: Connection[id: 0a6f4330-7186-42f1-96ee-d326cf405f20] additional details: passcode in password is provided, passcode is not provided, private key is not provided, application: undefined, client name: snowflake-sdk, client version: 1.15.0, retry timeout: 300, private key path: undefined, private key pass is not provided, client store temporary credential: false, browser response timeout: 120000"}
{"level":"INFO","message":"[5:59:43.181 PM]: Connection[id: 0a6f4330-7186-42f1-96ee-d326cf405f20] - connection object created successfully."}
{"level":"INFO","message":"[5:59:43.183 PM]: Connection[id: 0a6f4330-7186-42f1-96ee-d326cf405f20] - connecting. Associated Snowflake domain: GLOBAL"}
{"level":"INFO","message":"[5:59:43.186 PM]: Connection[id: 0a6f4330-7186-42f1-96ee-d326cf405f20] - authentication successful using: SNOWFLAKE"}
{"level":"INFO","message":"[5:59:43.187 PM]: Trying to initialize Easy Logging"}
{"level":"INFO","message":"[5:59:43.194 PM]: No client config detected."}
{"level":"INFO","message":"[5:59:43.195 PM]: No config file path found. Client config will not be used."}
{"level":"INFO","message":"[5:59:43.196 PM]: Easy Logging is disabled as no config has been found"}
{"level":"INFO","message":"[5:59:43.204 PM]: Connection[id: 0a6f4330-7186-42f1-96ee-d326cf405f20] - connected successfully after 21.03991700000006 milliseconds"}
{"level":"INFO","message":"[6:27:57.298 PM]: Creating new connection object"}
{"level":"INFO","message":"[6:27:57.316 PM]: Creating Connection[id: 6fdd1229-c7d2-435d-a32a-4cb35a66a439] with host: FEBEOOK-RVB78017.snowflakecomputing.com, account: FEBEOOK-RVB78017, accessUrl: https://FEBEOOK-RVB78017.snowflakecomputing.com, user: NICOLE, password is provided, role: USERADMIN, database: REPRALLY, schema: ANALYTICS, warehouse: COMPUTE_WH, region: undefined, authenticator: SNOWFLAKE, ocsp mode: FAIL_OPEN, os: darwin, os version: 22.3.0"}
{"level":"INFO","message":"[6:27:57.318 PM]: Connection[id: 6fdd1229-c7d2-435d-a32a-4cb35a66a439] additional details: passcode in password is provided, passcode is not provided, private key is not provided, application: undefined, client name: snowflake-sdk, client version: 1.15.0, retry timeout: 300, private key path: undefined, private key pass is not provided, client store temporary credential: false, browser response timeout: 120000"}
{"level":"INFO","message":"[6:27:57.319 PM]: Connection[id: 6fdd1229-c7d2-435d-a32a-4cb35a66a439] - connection object created successfully."}
{"level":"INFO","message":"[6:27:57.321 PM]: Connection[id: 6fdd1229-c7d2-435d-a32a-4cb35a66a439] - connecting. Associated Snowflake domain: GLOBAL"}
{"level":"INFO","message":"[6:27:57.322 PM]: Connection[id: 6fdd1229-c7d2-435d-a32a-4cb35a66a439] - authentication successful using: SNOWFLAKE"}
{"level":"INFO","message":"[6:27:57.323 PM]: Trying to initialize Easy Logging"}
{"level":"INFO","message":"[6:27:57.329 PM]: No client config detected."}
{"level":"INFO","message":"[6:27:57.329 PM]: No config file path found. Client config will not be used."}
{"level":"INFO","message":"[6:27:57.331 PM]: Easy Logging is disabled as no config has been found"}
{"level":"INFO","message":"[6:27:57.337 PM]: Connection[id: 6fdd1229-c7d2-435d-a32a-4cb35a66a439] - connected successfully after 15.981333000000063 milliseconds"}
{"level":"INFO","message":"[6:29:08.486 PM]: Creating new connection object"}
{"level":"INFO","message":"[6:29:08.507 PM]: Creating Connection[id: 88eef72f-b4df-47f5-9e70-982527eb1442] with host: FEBEOOK-RVB78017.snowflakecomputing.com, account: FEBEOOK-RVB78017, accessUrl: https://FEBEOOK-RVB78017.snowflakecomputing.com, user: NICOLE, password is provided, role: USERADMIN, database: REPRALLY, schema: ANALYTICS, warehouse: COMPUTE_WH, region: undefined, authenticator: SNOWFLAKE, ocsp mode: FAIL_OPEN, os: darwin, os version: 22.3.0"}
{"level":"INFO","message":"[6:29:08.509 PM]: Connection[id: 88eef72f-b4df-47f5-9e70-982527eb1442] additional details: passcode in password is provided, passcode is not provided, private key is not provided, application: undefined, client name: snowflake-sdk, client version: 1.15.0, retry timeout: 300, private key path: undefined, private key pass is not provided, client store temporary credential: false, browser response timeout: 120000"}
{"level":"INFO","message":"[6:29:08.510 PM]: Connection[id: 88eef72f-b4df-47f5-9e70-982527eb1442] - connection object created successfully."}
{"level":"INFO","message":"[6:29:08.511 PM]: Connection[id: 88eef72f-b4df-47f5-9e70-982527eb1442] - connecting. Associated Snowflake domain: GLOBAL"}
{"level":"INFO","message":"[6:29:08.513 PM]: Connection[id: 88eef72f-b4df-47f5-9e70-982527eb1442] - authentication successful using: SNOWFLAKE"}
{"level":"INFO","message":"[6:29:08.514 PM]: Trying to initialize Easy Logging"}
{"level":"INFO","message":"[6:29:08.520 PM]: No client config detected."}
{"level":"INFO","message":"[6:29:08.520 PM]: No config file path found. Client config will not be used."}
{"level":"INFO","message":"[6:29:08.521 PM]: Easy Logging is disabled as no config has been found"}
{"level":"INFO","message":"[6:29:08.527 PM]: Connection[id: 88eef72f-b4df-47f5-9e70-982527eb1442] - connected successfully after 15.780750000000012 milliseconds"}
{"level":"INFO","message":"[8:58:10.771 PM]: Creating new connection object"}
{"level":"INFO","message":"[8:58:10.797 PM]: Creating Connection[id: 1457f866-e29f-4476-8766-13840949fcb1] with host: FEBEOOK-RVB78017.snowflakecomputing.com, account: FEBEOOK-RVB78017, accessUrl: https://FEBEOOK-RVB78017.snowflakecomputing.com, user: NICOLE, password is provided, role: USERADMIN, database: REPRALLY, schema: ANALYTICS, warehouse: COMPUTE_WH, region: undefined, authenticator: SNOWFLAKE, ocsp mode: FAIL_OPEN, os: darwin, os version: 22.3.0"}
{"level":"INFO","message":"[8:58:10.800 PM]: Connection[id: 1457f866-e29f-4476-8766-13840949fcb1] additional details: passcode in password is provided, passcode is not provided, private key is not provided, application: undefined, client name: snowflake-sdk, client version: 1.15.0, retry timeout: 300, private key path: undefined, private key pass is not provided, client store temporary credential: false, browser response timeout: 120000"}
{"level":"INFO","message":"[8:58:10.802 PM]: Connection[id: 1457f866-e29f-4476-8766-13840949fcb1] - connection object created successfully."}
{"level":"INFO","message":"[8:58:10.804 PM]: Connection[id: 1457f866-e29f-4476-8766-13840949fcb1] - connecting. Associated Snowflake domain: GLOBAL"}
{"level":"INFO","message":"[8:58:10.807 PM]: Connection[id: 1457f866-e29f-4476-8766-13840949fcb1] - authentication successful using: SNOWFLAKE"}
{"level":"INFO","message":"[8:58:10.808 PM]: Trying to initialize Easy Logging"}
{"level":"INFO","message":"[8:58:10.816 PM]: No client config detected."}
{"level":"INFO","message":"[8:58:10.817 PM]: No config file path found. Client config will not be used."}
{"level":"INFO","message":"[8:58:10.819 PM]: Easy Logging is disabled as no config has been found"}
{"level":"INFO","message":"[8:58:10.829 PM]: Connection[id: 1457f866-e29f-4476-8766-13840949fcb1] - connected successfully after 25.225041000000147 milliseconds"}
{"level":"INFO","message":"[10:05:55.520 PM]: Creating new connection object"}
{"level":"INFO","message":"[10:05:55.546 PM]: Creating Connection[id: 9f0171af-0a55-4cf7-98bc-daf2b9c7d434] with host: FEBEOOK-RVB78017.snowflakecomputing.com, account: FEBEOOK-RVB78017, accessUrl: https://FEBEOOK-RVB78017.snowflakecomputing.com, user: NICOLE, password is provided, role: USERADMIN, database: REPRALLY, schema: ANALYTICS, warehouse: COMPUTE_WH, region: undefined, authenticator: SNOWFLAKE, ocsp mode: FAIL_OPEN, os: darwin, os version: 22.3.0"}
{"level":"INFO","message":"[10:05:55.549 PM]: Connection[id: 9f0171af-0a55-4cf7-98bc-daf2b9c7d434] additional details: passcode in password is provided, passcode is not provided, private key is not provided, application: undefined, client name: snowflake-sdk, client version: 1.15.0, retry timeout: 300, private key path: undefined, private key pass is not provided, client store temporary credential: false, browser response timeout: 120000"}
{"level":"INFO","message":"[10:05:55.551 PM]: Connection[id: 9f0171af-0a55-4cf7-98bc-daf2b9c7d434] - connection object created successfully."}
{"level":"INFO","message":"[10:05:55.553 PM]: Connection[id: 9f0171af-0a55-4cf7-98bc-daf2b9c7d434] - connecting. Associated Snowflake domain: GLOBAL"}
{"level":"INFO","message":"[10:05:55.558 PM]: Connection[id: 9f0171af-0a55-4cf7-98bc-daf2b9c7d434] - authentication successful using: SNOWFLAKE"}
{"level":"INFO","message":"[10:05:55.559 PM]: Trying to initialize Easy Logging"}
{"level":"INFO","message":"[10:05:55.566 PM]: No client config detected."}
{"level":"INFO","message":"[10:05:55.567 PM]: No config file path found. Client config will not be used."}
{"level":"INFO","message":"[10:05:55.569 PM]: Easy Logging is disabled as no config has been found"}
{"level":"INFO","message":"[10:05:55.579 PM]: Connection[id: 9f0171af-0a55-4cf7-98bc-daf2b9c7d434] - connected successfully after 26.02754099999993 milliseconds"}
{"level":"INFO","message":"[10:42:15.226 PM]: Creating new connection object"}
{"level":"INFO","message":"[10:42:15.259 PM]: Creating Connection[id: 8e81d441-01b6-4968-9cfa-c04168298902] with host: FEBEOOK-RVB78017.snowflakecomputing.com, account: FEBEOOK-RVB78017, accessUrl: https://FEBEOOK-RVB78017.snowflakecomputing.com, user: NICOLE, password is provided, role: USERADMIN, database: REPRALLY, schema: ANALYTICS, warehouse: COMPUTE_WH, region: undefined, authenticator: SNOWFLAKE, ocsp mode: FAIL_OPEN, os: darwin, os version: 22.3.0"}
{"level":"INFO","message":"[10:42:15.262 PM]: Connection[id: 8e81d441-01b6-4968-9cfa-c04168298902] additional details: passcode in password is provided, passcode is not provided, private key is not provided, application: undefined, client name: snowflake-sdk, client version: 1.15.0, retry timeout: 300, private key path: undefined, private key pass is not provided, client store temporary credential: false, browser response timeout: 120000"}
{"level":"INFO","message":"[10:42:15.264 PM]: Connection[id: 8e81d441-01b6-4968-9cfa-c04168298902] - connection object created successfully."}
{"level":"INFO","message":"[10:42:15.265 PM]: Connection[id: 8e81d441-01b6-4968-9cfa-c04168298902] - connecting. Associated Snowflake domain: GLOBAL"}
{"level":"INFO","message":"[10:42:15.272 PM]: Connection[id: 8e81d441-01b6-4968-9cfa-c04168298902] - authentication successful using: SNOWFLAKE"}
{"level":"INFO","message":"[10:42:15.273 PM]: Trying to initialize Easy Logging"}
{"level":"INFO","message":"[10:42:15.280 PM]: No client config detected."}
{"level":"INFO","message":"[10:42:15.281 PM]: No config file path found. Client config will not be used."}
{"level":"INFO","message":"[10:42:15.283 PM]: Easy Logging is disabled as no config has been found"}
{"level":"INFO","message":"[10:42:15.294 PM]: Connection[id: 8e81d441-01b6-4968-9cfa-c04168298902] - connected successfully after 28.510708000000022 milliseconds"}
{"level":"INFO","message":"[10:47:50.598 PM]: Creating new connection object"}
{"level":"INFO","message":"[10:47:50.621 PM]: Creating Connection[id: 709ea769-7e4b-4daf-8c6b-18c5a4b7be4f] with host: FEBEOOK-RVB78017.snowflakecomputing.com, account: FEBEOOK-RVB78017, accessUrl: https://FEBEOOK-RVB78017.snowflakecomputing.com, user: NICOLE, password is provided, role: USERADMIN, database: REPRALLY, schema: ANALYTICS, warehouse: COMPUTE_WH, region: undefined, authenticator: SNOWFLAKE, ocsp mode: FAIL_OPEN, os: darwin, os version: 22.3.0"}
{"level":"INFO","message":"[10:47:50.624 PM]: Connection[id: 709ea769-7e4b-4daf-8c6b-18c5a4b7be4f] additional details: passcode in password is provided, passcode is not provided, private key is not provided, application: undefined, client name: snowflake-sdk, client version: 1.15.0, retry timeout: 300, private key path: undefined, private key pass is not provided, client store temporary credential: false, browser response timeout: 120000"}
{"level":"INFO","message":"[10:47:50.625 PM]: Connection[id: 709ea769-7e4b-4daf-8c6b-18c5a4b7be4f] - connection object created successfully."}
{"level":"INFO","message":"[10:47:50.627 PM]: Connection[id: 709ea769-7e4b-4daf-8c6b-18c5a4b7be4f] - connecting. Associated Snowflake domain: GLOBAL"}
{"level":"INFO","message":"[10:47:50.631 PM]: Connection[id: 709ea769-7e4b-4daf-8c6b-18c5a4b7be4f] - authentication successful using: SNOWFLAKE"}
{"level":"INFO","message":"[10:47:50.632 PM]: Trying to initialize Easy Logging"}
{"level":"INFO","message":"[10:47:50.640 PM]: No client config detected."}
{"level":"INFO","message":"[10:47:50.641 PM]: No config file path found. Client config will not be used."}
{"level":"INFO","message":"[10:47:50.642 PM]: Easy Logging is disabled as no config has been found"}
{"level":"INFO","message":"[10:47:50.650 PM]: Connection[id: 709ea769-7e4b-4daf-8c6b-18c5a4b7be4f] - connected successfully after 23.52470799999992 milliseconds"}
{"level":"INFO","message":"[10:59:14.266 PM]: Creating new connection object"}
{"level":"INFO","message":"[10:59:14.292 PM]: Creating Connection[id: 035a9cb1-af46-4efb-b957-257ad9b494c1] with host: FEBEOOK-RVB78017.snowflakecomputing.com, account: FEBEOOK-RVB78017, accessUrl: https://FEBEOOK-RVB78017.snowflakecomputing.com, user: NICOLE, password is provided, role: USERADMIN, database: REPRALLY, schema: ANALYTICS, warehouse: COMPUTE_WH, region: undefined, authenticator: SNOWFLAKE, ocsp mode: FAIL_OPEN, os: darwin, os version: 22.3.0"}
{"level":"INFO","message":"[10:59:14.295 PM]: Connection[id: 035a9cb1-af46-4efb-b957-257ad9b494c1] additional details: passcode in password is provided, passcode is not provided, private key is not provided, application: undefined, client name: snowflake-sdk, client version: 1.15.0, retry timeout: 300, private key path: undefined, private key pass is not provided, client store temporary credential: false, browser response timeout: 120000"}
{"level":"INFO","message":"[10:59:14.296 PM]: Connection[id: 035a9cb1-af46-4efb-b957-257ad9b494c1] - connection object created successfully."}
{"level":"INFO","message":"[10:59:14.298 PM]: Connection[id: 035a9cb1-af46-4efb-b957-257ad9b494c1] - connecting. Associated Snowflake domain: GLOBAL"}
{"level":"INFO","message":"[10:59:14.302 PM]: Connection[id: 035a9cb1-af46-4efb-b957-257ad9b494c1] - authentication successful using: SNOWFLAKE"}
{"level":"INFO","message":"[10:59:14.303 PM]: Trying to initialize Easy Logging"}
{"level":"INFO","message":"[10:59:14.310 PM]: No client config detected."}
{"level":"INFO","message":"[10:59:14.311 PM]: No config file path found. Client config will not be used."}
{"level":"INFO","message":"[10:59:14.313 PM]: Easy Logging is disabled as no config has been found"}
{"level":"INFO","message":"[10:59:14.322 PM]: Connection[id: 035a9cb1-af46-4efb-b957-257ad9b494c1] - connected successfully after 23.96524999999997 milliseconds"}
{"level":"INFO","message":"[11:11:33.578 PM]: Creating new connection object"}
{"level":"INFO","message":"[11:11:33.602 PM]: Creating Connection[id: 9471eda5-faa2-4237-8c9a-0cecec1e6974] with host: FEBEOOK-RVB78017.snowflakecomputing.com, account: FEBEOOK-RVB78017, accessUrl: https://FEBEOOK-RVB78017.snowflakecomputing.com, user: NICOLE, password is provided, role: USERADMIN, database: REPRALLY, schema: ANALYTICS, warehouse: COMPUTE_WH, region: undefined, authenticator: SNOWFLAKE, ocsp mode: FAIL_OPEN, os: darwin, os version: 22.3.0"}
{"level":"INFO","message":"[11:11:33.605 PM]: Connection[id: 9471eda5-faa2-4237-8c9a-0cecec1e6974] additional details: passcode in password is provided, passcode is not provided, private key is not provided, application: undefined, client name: snowflake-sdk, client version: 1.15.0, retry timeout: 300, private key path: undefined, private key pass is not provided, client store temporary credential: false, browser response timeout: 120000"}
{"level":"INFO","message":"[11:11:33.607 PM]: Connection[id: 9471eda5-faa2-4237-8c9a-0cecec1e6974] - connection object created successfully."}
{"level":"INFO","message":"[11:11:33.608 PM]: Connection[id: 9471eda5-faa2-4237-8c9a-0cecec1e6974] - connecting. Associated Snowflake domain: GLOBAL"}
{"level":"INFO","message":"[11:11:33.613 PM]: Connection[id: 9471eda5-faa2-4237-8c9a-0cecec1e6974] - authentication successful using: SNOWFLAKE"}
{"level":"INFO","message":"[11:11:33.613 PM]: Trying to initialize Easy Logging"}
{"level":"INFO","message":"[11:11:33.621 PM]: No client config detected."}
{"level":"INFO","message":"[11:11:33.622 PM]: No config file path found. Client config will not be used."}
{"level":"INFO","message":"[11:11:33.625 PM]: Easy Logging is disabled as no config has been found"}
{"level":"INFO","message":"[11:11:33.633 PM]: Connection[id: 9471eda5-faa2-4237-8c9a-0cecec1e6974] - connected successfully after 24.239499999999907 milliseconds"}
{"level":"INFO","message":"[11:14:59.979 PM]: Creating new connection object"}
{"level":"INFO","message":"[11:15:00.000 PM]: Creating Connection[id: e41a759d-9fc1-4f58-9482-474acdd6c588] with host: FEBEOOK-RVB78017.snowflakecomputing.com, account: FEBEOOK-RVB78017, accessUrl: https://FEBEOOK-RVB78017.snowflakecomputing.com, user: NICOLE, password is provided, role: USERADMIN, database: REPRALLY, schema: ANALYTICS, warehouse: COMPUTE_WH, region: undefined, authenticator: SNOWFLAKE, ocsp mode: FAIL_OPEN, os: darwin, os version: 22.3.0"}
{"level":"INFO","message":"[11:15:00.004 PM]: Connection[id: e41a759d-9fc1-4f58-9482-474acdd6c588] additional details: passcode in password is provided, passcode is not provided, private key is not provided, application: undefined, client name: snowflake-sdk, client version: 1.15.0, retry timeout: 300, private key path: undefined, private key pass is not provided, client store temporary credential: false, browser response timeout: 120000"}
{"level":"INFO","message":"[11:15:00.005 PM]: Connection[id: e41a759d-9fc1-4f58-9482-474acdd6c588] - connection object created successfully."}
{"level":"INFO","message":"[11:15:00.007 PM]: Connection[id: e41a759d-9fc1-4f58-9482-474acdd6c588] - connecting. Associated Snowflake domain: GLOBAL"}
{"level":"INFO","message":"[11:15:00.011 PM]: Connection[id: e41a759d-9fc1-4f58-9482-474acdd6c588] - authentication successful using: SNOWFLAKE"}
{"level":"INFO","message":"[11:15:00.012 PM]: Trying to initialize Easy Logging"}
{"level":"INFO","message":"[11:15:00.019 PM]: No client config detected."}
{"level":"INFO","message":"[11:15:00.020 PM]: No config file path found. Client config will not be used."}
{"level":"INFO","message":"[11:15:00.022 PM]: Easy Logging is disabled as no config has been found"}
{"level":"INFO","message":"[11:15:00.030 PM]: Connection[id: e41a759d-9fc1-4f58-9482-474acdd6c588] - connected successfully after 23.540624999999977 milliseconds"}
{"level":"INFO","message":"[11:18:06.338 PM]: Creating new connection object"}
{"level":"INFO","message":"[11:18:06.359 PM]: Creating Connection[id: 80b8d2da-efc3-4328-a244-4f3cfd767811] with host: FEBEOOK-RVB78017.snowflakecomputing.com, account: FEBEOOK-RVB78017, accessUrl: https://FEBEOOK-RVB78017.snowflakecomputing.com, user: NICOLE, password is provided, role: USERADMIN, database: REPRALLY, schema: ANALYTICS, warehouse: COMPUTE_WH, region: undefined, authenticator: SNOWFLAKE, ocsp mode: FAIL_OPEN, os: darwin, os version: 22.3.0"}
{"level":"INFO","message":"[11:18:06.362 PM]: Connection[id: 80b8d2da-efc3-4328-a244-4f3cfd767811] additional details: passcode in password is provided, passcode is not provided, private key is not provided, application: undefined, client name: snowflake-sdk, client version: 1.15.0, retry timeout: 300, private key path: undefined, private key pass is not provided, client store temporary credential: false, browser response timeout: 120000"}
{"level":"INFO","message":"[11:18:06.364 PM]: Connection[id: 80b8d2da-efc3-4328-a244-4f3cfd767811] - connection object created successfully."}
{"level":"INFO","message":"[11:18:06.365 PM]: Connection[id: 80b8d2da-efc3-4328-a244-4f3cfd767811] - connecting. Associated Snowflake domain: GLOBAL"}
{"level":"INFO","message":"[11:18:06.369 PM]: Connection[id: 80b8d2da-efc3-4328-a244-4f3cfd767811] - authentication successful using: SNOWFLAKE"}
{"level":"INFO","message":"[11:18:06.370 PM]: Trying to initialize Easy Logging"}
{"level":"INFO","message":"[11:18:06.378 PM]: No client config detected."}
{"level":"INFO","message":"[11:18:06.379 PM]: No config file path found. Client config will not be used."}
{"level":"INFO","message":"[11:18:06.381 PM]: Easy Logging is disabled as no config has been found"}
{"level":"INFO","message":"[11:18:06.389 PM]: Connection[id: 80b8d2da-efc3-4328-a244-4f3cfd767811] - connected successfully after 24.038166000000047 milliseconds"}
{"level":"INFO","message":"[11:21:49.245 PM]: Creating new connection object"}
{"level":"INFO","message":"[11:21:49.264 PM]: Creating Connection[id: 2987a08b-845c-4d17-b1eb-7593724d017e] with host: FEBEOOK-RVB78017.snowflakecomputing.com, account: FEBEOOK-RVB78017, accessUrl: https://FEBEOOK-RVB78017.snowflakecomputing.com, user: NICOLE, password is provided, role: USERADMIN, database: REPRALLY, schema: ANALYTICS, warehouse: COMPUTE_WH, region: undefined, authenticator: SNOWFLAKE, ocsp mode: FAIL_OPEN, os: darwin, os version: 22.3.0"}
{"level":"INFO","message":"[11:21:49.268 PM]: Connection[id: 2987a08b-845c-4d17-b1eb-7593724d017e] additional details: passcode in password is provided, passcode is not provided, private key is not provided, application: undefined, client name: snowflake-sdk, client version: 1.15.0, retry timeout: 300, private key path: undefined, private key pass is not provided, client store temporary credential: false, browser response timeout: 120000"}
{"level":"INFO","message":"[11:21:49.269 PM]: Connection[id: 2987a08b-845c-4d17-b1eb-7593724d017e] - connection object created successfully."}
{"level":"INFO","message":"[11:21:49.271 PM]: Connection[id: 2987a08b-845c-4d17-b1eb-7593724d017e] - connecting. Associated Snowflake domain: GLOBAL"}
{"level":"INFO","message":"[11:21:49.275 PM]: Connection[id: 2987a08b-845c-4d17-b1eb-7593724d017e] - authentication successful using: SNOWFLAKE"}
{"level":"INFO","message":"[11:21:49.276 PM]: Trying to initialize Easy Logging"}
{"level":"INFO","message":"[11:21:49.284 PM]: No client config detected."}
{"level":"INFO","message":"[11:21:49.284 PM]: No config file path found. Client config will not be used."}
{"level":"INFO","message":"[11:21:49.287 PM]: Easy Logging is disabled as no config has been found"}
{"level":"INFO","message":"[11:21:49.295 PM]: Connection[id: 2987a08b-845c-4d17-b1eb-7593724d017e] - connected successfully after 23.893332999999984 milliseconds"}
{"level":"INFO","message":"[11:25:21.000 PM]: Creating new connection object"}
{"level":"INFO","message":"[11:25:21.028 PM]: Creating Connection[id: 55e449f6-e545-4901-916f-89dc769bface] with host: FEBEOOK-RVB78017.snowflakecomputing.com, account: FEBEOOK-RVB78017, accessUrl: https://FEBEOOK-RVB78017.snowflakecomputing.com, user: NICOLE, password is provided, role: USERADMIN, database: REPRALLY, schema: ANALYTICS, warehouse: COMPUTE_WH, region: undefined, authenticator: SNOWFLAKE, ocsp mode: FAIL_OPEN, os: darwin, os version: 22.3.0"}
{"level":"INFO","message":"[11:25:21.031 PM]: Connection[id: 55e449f6-e545-4901-916f-89dc769bface] additional details: passcode in password is provided, passcode is not provided, private key is not provided, application: undefined, client name: snowflake-sdk, client version: 1.15.0, retry timeout: 300, private key path: undefined, private key pass is not provided, client store temporary credential: false, browser response timeout: 120000"}
{"level":"INFO","message":"[11:25:21.033 PM]: Connection[id: 55e449f6-e545-4901-916f-89dc769bface] - connection object created successfully."}
{"level":"INFO","message":"[11:25:21.034 PM]: Connection[id: 55e449f6-e545-4901-916f-89dc769bface] - connecting. Associated Snowflake domain: GLOBAL"}
{"level":"INFO","message":"[11:25:21.038 PM]: Connection[id: 55e449f6-e545-4901-916f-89dc769bface] - authentication successful using: SNOWFLAKE"}
{"level":"INFO","message":"[11:25:21.040 PM]: Trying to initialize Easy Logging"}
{"level":"INFO","message":"[11:25:21.048 PM]: No client config detected."}
{"level":"INFO","message":"[11:25:21.049 PM]: No config file path found. Client config will not be used."}
{"level":"INFO","message":"[11:25:21.050 PM]: Easy Logging is disabled as no config has been found"}
{"level":"INFO","message":"[11:25:21.060 PM]: Connection[id: 55e449f6-e545-4901-916f-89dc769bface] - connected successfully after 25.78408300000001 milliseconds"}
{"level":"INFO","message":"[11:27:33.978 PM]: Creating new connection object"}
{"level":"INFO","message":"[11:27:34.004 PM]: Creating Connection[id: 8e54e8a2-50ef-4156-88ba-385b8f840969] with host: FEBEOOK-RVB78017.snowflakecomputing.com, account: FEBEOOK-RVB78017, accessUrl: https://FEBEOOK-RVB78017.snowflakecomputing.com, user: NICOLE, password is provided, role: USERADMIN, database: REPRALLY, schema: ANALYTICS, warehouse: COMPUTE_WH, region: undefined, authenticator: SNOWFLAKE, ocsp mode: FAIL_OPEN, os: darwin, os version: 22.3.0"}
{"level":"INFO","message":"[11:27:34.007 PM]: Connection[id: 8e54e8a2-50ef-4156-88ba-385b8f840969] additional details: passcode in password is provided, passcode is not provided, private key is not provided, application: undefined, client name: snowflake-sdk, client version: 1.15.0, retry timeout: 300, private key path: undefined, private key pass is not provided, client store temporary credential: false, browser response timeout: 120000"}
{"level":"INFO","message":"[11:27:34.009 PM]: Connection[id: 8e54e8a2-50ef-4156-88ba-385b8f840969] - connection object created successfully."}
{"level":"INFO","message":"[11:27:34.010 PM]: Connection[id: 8e54e8a2-50ef-4156-88ba-385b8f840969] - connecting. Associated Snowflake domain: GLOBAL"}
{"level":"INFO","message":"[11:27:34.014 PM]: Connection[id: 8e54e8a2-50ef-4156-88ba-385b8f840969] - authentication successful using: SNOWFLAKE"}
{"level":"INFO","message":"[11:27:34.015 PM]: Trying to initialize Easy Logging"}
{"level":"INFO","message":"[11:27:34.022 PM]: No client config detected."}
{"level":"INFO","message":"[11:27:34.023 PM]: No config file path found. Client config will not be used."}
{"level":"INFO","message":"[11:27:34.025 PM]: Easy Logging is disabled as no config has been found"}
{"level":"INFO","message":"[11:27:34.033 PM]: Connection[id: 8e54e8a2-50ef-4156-88ba-385b8f840969] - connected successfully after 22.969290999999885 milliseconds"}
{"level":"INFO","message":"[11:31:11.594 PM]: Creating new connection object"}
{"level":"INFO","message":"[11:31:11.618 PM]: Creating Connection[id: b245e157-1ca3-48ad-9510-cf4b6696490a] with host: FEBEOOK-RVB78017.snowflakecomputing.com, account: FEBEOOK-RVB78017, accessUrl: https://FEBEOOK-RVB78017.snowflakecomputing.com, user: NICOLE, password is provided, role: USERADMIN, database: REPRALLY, schema: ANALYTICS, warehouse: COMPUTE_WH, region: undefined, authenticator: SNOWFLAKE, ocsp mode: FAIL_OPEN, os: darwin, os version: 22.3.0"}
{"level":"INFO","message":"[11:31:11.621 PM]: Connection[id: b245e157-1ca3-48ad-9510-cf4b6696490a] additional details: passcode in password is provided, passcode is not provided, private key is not provided, application: undefined, client name: snowflake-sdk, client version: 1.15.0, retry timeout: 300, private key path: undefined, private key pass is not provided, client store temporary credential: false, browser response timeout: 120000"}
{"level":"INFO","message":"[11:31:11.623 PM]: Connection[id: b245e157-1ca3-48ad-9510-cf4b6696490a] - connection object created successfully."}
{"level":"INFO","message":"[11:31:11.625 PM]: Connection[id: b245e157-1ca3-48ad-9510-cf4b6696490a] - connecting. Associated Snowflake domain: GLOBAL"}
{"level":"INFO","message":"[11:31:11.630 PM]: Connection[id: b245e157-1ca3-48ad-9510-cf4b6696490a] - authentication successful using: SNOWFLAKE"}
{"level":"INFO","message":"[11:31:11.631 PM]: Trying to initialize Easy Logging"}
{"level":"INFO","message":"[11:31:11.638 PM]: No client config detected."}
{"level":"INFO","message":"[11:31:11.639 PM]: No config file path found. Client config will not be used."}
{"level":"INFO","message":"[11:31:11.641 PM]: Easy Logging is disabled as no config has been found"}
{"level":"INFO","message":"[11:31:11.648 PM]: Connection[id: b245e157-1ca3-48ad-9510-cf4b6696490a] - connected successfully after 23.95183300000008 milliseconds"}
{"level":"INFO","message":"[11:33:37.306 PM]: Creating new connection object"}
{"level":"INFO","message":"[11:33:37.330 PM]: Creating Connection[id: c11d0ebc-73a5-4155-9054-4f74592b4774] with host: FEBEOOK-RVB78017.snowflakecomputing.com, account: FEBEOOK-RVB78017, accessUrl: https://FEBEOOK-RVB78017.snowflakecomputing.com, user: NICOLE, password is provided, role: USERADMIN, database: REPRALLY, schema: ANALYTICS, warehouse: COMPUTE_WH, region: undefined, authenticator: SNOWFLAKE, ocsp mode: FAIL_OPEN, os: darwin, os version: 22.3.0"}
{"level":"INFO","message":"[11:33:37.333 PM]: Connection[id: c11d0ebc-73a5-4155-9054-4f74592b4774] additional details: passcode in password is provided, passcode is not provided, private key is not provided, application: undefined, client name: snowflake-sdk, client version: 1.15.0, retry timeout: 300, private key path: undefined, private key pass is not provided, client store temporary credential: false, browser response timeout: 120000"}
{"level":"INFO","message":"[11:33:37.334 PM]: Connection[id: c11d0ebc-73a5-4155-9054-4f74592b4774] - connection object created successfully."}
{"level":"INFO","message":"[11:33:37.335 PM]: Connection[id: c11d0ebc-73a5-4155-9054-4f74592b4774] - connecting. Associated Snowflake domain: GLOBAL"}
{"level":"INFO","message":"[11:33:37.339 PM]: Connection[id: c11d0ebc-73a5-4155-9054-4f74592b4774] - authentication successful using: SNOWFLAKE"}
{"level":"INFO","message":"[11:33:37.340 PM]: Trying to initialize Easy Logging"}
{"level":"INFO","message":"[11:33:37.347 PM]: No client config detected."}
{"level":"INFO","message":"[11:33:37.348 PM]: No config file path found. Client config will not be used."}
{"level":"INFO","message":"[11:33:37.350 PM]: Easy Logging is disabled as no config has been found"}
{"level":"INFO","message":"[11:33:37.358 PM]: Connection[id: c11d0ebc-73a5-4155-9054-4f74592b4774] - connected successfully after 22.738916000000017 milliseconds"}
{"level":"INFO","message":"[11:36:18.419 PM]: Creating new connection object"}
{"level":"INFO","message":"[11:36:18.446 PM]: Creating Connection[id: aa618c84-5275-4475-b49e-2d3cac6df291] with host: FEBEOOK-RVB78017.snowflakecomputing.com, account: FEBEOOK-RVB78017, accessUrl: https://FEBEOOK-RVB78017.snowflakecomputing.com, user: NICOLE, password is provided, role: USERADMIN, database: REPRALLY, schema: ANALYTICS, warehouse: COMPUTE_WH, region: undefined, authenticator: SNOWFLAKE, ocsp mode: FAIL_OPEN, os: darwin, os version: 22.3.0"}
{"level":"INFO","message":"[11:36:18.449 PM]: Connection[id: aa618c84-5275-4475-b49e-2d3cac6df291] additional details: passcode in password is provided, passcode is not provided, private key is not provided, application: undefined, client name: snowflake-sdk, client version: 1.15.0, retry timeout: 300, private key path: undefined, private key pass is not provided, client store temporary credential: false, browser response timeout: 120000"}
{"level":"INFO","message":"[11:36:18.451 PM]: Connection[id: aa618c84-5275-4475-b49e-2d3cac6df291] - connection object created successfully."}
{"level":"INFO","message":"[11:36:18.452 PM]: Connection[id: aa618c84-5275-4475-b49e-2d3cac6df291] - connecting. Associated Snowflake domain: GLOBAL"}
{"level":"INFO","message":"[11:36:18.456 PM]: Connection[id: aa618c84-5275-4475-b49e-2d3cac6df291] - authentication successful using: SNOWFLAKE"}
{"level":"INFO","message":"[11:36:18.457 PM]: Trying to initialize Easy Logging"}
{"level":"INFO","message":"[11:36:18.465 PM]: No client config detected."}
{"level":"INFO","message":"[11:36:18.466 PM]: No config file path found. Client config will not be used."}
{"level":"INFO","message":"[11:36:18.468 PM]: Easy Logging is disabled as no config has been found"}
{"level":"INFO","message":"[11:36:18.476 PM]: Connection[id: aa618c84-5275-4475-b49e-2d3cac6df291] - connected successfully after 24.05749999999989 milliseconds"}
{"level":"INFO","message":"[11:39:26.696 PM]: Creating new connection object"}
{"level":"INFO","message":"[11:39:26.716 PM]: Creating Connection[id: 8fbb555a-f9fb-4e9d-9208-11374e38266f] with host: FEBEOOK-RVB78017.snowflakecomputing.com, account: FEBEOOK-RVB78017, accessUrl: https://FEBEOOK-RVB78017.snowflakecomputing.com, user: NICOLE, password is provided, role: USERADMIN, database: REPRALLY, schema: ANALYTICS, warehouse: COMPUTE_WH, region: undefined, authenticator: SNOWFLAKE, ocsp mode: FAIL_OPEN, os: darwin, os version: 22.3.0"}
{"level":"INFO","message":"[11:39:26.719 PM]: Connection[id: 8fbb555a-f9fb-4e9d-9208-11374e38266f] additional details: passcode in password is provided, passcode is not provided, private key is not provided, application: undefined, client name: snowflake-sdk, client version: 1.15.0, retry timeout: 300, private key path: undefined, private key pass is not provided, client store temporary credential: false, browser response timeout: 120000"}
{"level":"INFO","message":"[11:39:26.721 PM]: Connection[id: 8fbb555a-f9fb-4e9d-9208-11374e38266f] - connection object created successfully."}
{"level":"INFO","message":"[11:39:26.722 PM]: Connection[id: 8fbb555a-f9fb-4e9d-9208-11374e38266f] - connecting. Associated Snowflake domain: GLOBAL"}
{"level":"INFO","message":"[11:39:26.726 PM]: Connection[id: 8fbb555a-f9fb-4e9d-9208-11374e38266f] - authentication successful using: SNOWFLAKE"}
{"level":"INFO","message":"[11:39:26.727 PM]: Trying to initialize Easy Logging"}
{"level":"INFO","message":"[11:39:26.735 PM]: No client config detected."}
{"level":"INFO","message":"[11:39:26.736 PM]: No config file path found. Client config will not be used."}
{"level":"INFO","message":"[11:39:26.738 PM]: Easy Logging is disabled as no config has been found"}
{"level":"INFO","message":"[11:39:26.746 PM]: Connection[id: 8fbb555a-f9fb-4e9d-9208-11374e38266f] - connected successfully after 24.09354200000007 milliseconds"}
{"level":"INFO","message":"[11:48:11.147 PM]: Creating new connection object"}
{"level":"INFO","message":"[11:48:11.171 PM]: Creating Connection[id: 121b6491-7cd8-459d-905c-f10d1419b5af] with host: FEBEOOK-RVB78017.snowflakecomputing.com, account: FEBEOOK-RVB78017, accessUrl: https://FEBEOOK-RVB78017.snowflakecomputing.com, user: NICOLE, password is provided, role: USERADMIN, database: REPRALLY, schema: ANALYTICS, warehouse: COMPUTE_WH, region: undefined, authenticator: SNOWFLAKE, ocsp mode: FAIL_OPEN, os: darwin, os version: 22.3.0"}
{"level":"INFO","message":"[11:48:11.174 PM]: Connection[id: 121b6491-7cd8-459d-905c-f10d1419b5af] additional details: passcode in password is provided, passcode is not provided, private key is not provided, application: undefined, client name: snowflake-sdk, client version: 1.15.0, retry timeout: 300, private key path: undefined, private key pass is not provided, client store temporary credential: false, browser response timeout: 120000"}
{"level":"INFO","message":"[11:48:11.176 PM]: Connection[id: 121b6491-7cd8-459d-905c-f10d1419b5af] - connection object created successfully."}
{"level":"INFO","message":"[11:48:11.177 PM]: Connection[id: 121b6491-7cd8-459d-905c-f10d1419b5af] - connecting. Associated Snowflake domain: GLOBAL"}
{"level":"INFO","message":"[11:48:11.182 PM]: Connection[id: 121b6491-7cd8-459d-905c-f10d1419b5af] - authentication successful using: SNOWFLAKE"}
{"level":"INFO","message":"[11:48:11.182 PM]: Trying to initialize Easy Logging"}
{"level":"INFO","message":"[11:48:11.190 PM]: No client config detected."}
{"level":"INFO","message":"[11:48:11.191 PM]: No config file path found. Client config will not be used."}
{"level":"INFO","message":"[11:48:11.193 PM]: Easy Logging is disabled as no config has been found"}
{"level":"INFO","message":"[11:48:11.202 PM]: Connection[id: 121b6491-7cd8-459d-905c-f10d1419b5af] - connected successfully after 25.068874999999935 milliseconds"}
{"level":"INFO","message":"[11:51:27.148 PM]: Creating new connection object"}
{"level":"INFO","message":"[11:51:27.173 PM]: Creating Connection[id: f3f29bf2-b7aa-42c5-a152-d50029a4337e] with host: FEBEOOK-RVB78017.snowflakecomputing.com, account: FEBEOOK-RVB78017, accessUrl: https://FEBEOOK-RVB78017.snowflakecomputing.com, user: NICOLE, password is provided, role: USERADMIN, database: REPRALLY, schema: ANALYTICS, warehouse: COMPUTE_WH, region: undefined, authenticator: SNOWFLAKE, ocsp mode: FAIL_OPEN, os: darwin, os version: 22.3.0"}
{"level":"INFO","message":"[11:51:27.176 PM]: Connection[id: f3f29bf2-b7aa-42c5-a152-d50029a4337e] additional details: passcode in password is provided, passcode is not provided, private key is not provided, application: undefined, client name: snowflake-sdk, client version: 1.15.0, retry timeout: 300, private key path: undefined, private key pass is not provided, client store temporary credential: false, browser response timeout: 120000"}
{"level":"INFO","message":"[11:51:27.177 PM]: Connection[id: f3f29bf2-b7aa-42c5-a152-d50029a4337e] - connection object created successfully."}
{"level":"INFO","message":"[11:51:27.179 PM]: Connection[id: f3f29bf2-b7aa-42c5-a152-d50029a4337e] - connecting. Associated Snowflake domain: GLOBAL"}
{"level":"INFO","message":"[11:51:27.182 PM]: Connection[id: f3f29bf2-b7aa-42c5-a152-d50029a4337e] - authentication successful using: SNOWFLAKE"}
{"level":"INFO","message":"[11:51:27.183 PM]: Trying to initialize Easy Logging"}
{"level":"INFO","message":"[11:51:27.190 PM]: No client config detected."}
{"level":"INFO","message":"[11:51:27.191 PM]: No config file path found. Client config will not be used."}
{"level":"INFO","message":"[11:51:27.193 PM]: Easy Logging is disabled as no config has been found"}
{"level":"INFO","message":"[11:51:27.202 PM]: Connection[id: f3f29bf2-b7aa-42c5-a152-d50029a4337e] - connected successfully after 22.998166999999967 milliseconds"}
{"level":"INFO","message":"[11:54:42.061 PM]: Creating new connection object"}
{"level":"INFO","message":"[11:54:42.086 PM]: Creating Connection[id: 5f26d0d5-ff08-4a5b-a344-303fe5505a0b] with host: FEBEOOK-RVB78017.snowflakecomputing.com, account: FEBEOOK-RVB78017, accessUrl: https://FEBEOOK-RVB78017.snowflakecomputing.com, user: NICOLE, password is provided, role: USERADMIN, database: REPRALLY, schema: ANALYTICS, warehouse: COMPUTE_WH, region: undefined, authenticator: SNOWFLAKE, ocsp mode: FAIL_OPEN, os: darwin, os version: 22.3.0"}
{"level":"INFO","message":"[11:54:42.090 PM]: Connection[id: 5f26d0d5-ff08-4a5b-a344-303fe5505a0b] additional details: passcode in password is provided, passcode is not provided, private key is not provided, application: undefined, client name: snowflake-sdk, client version: 1.15.0, retry timeout: 300, private key path: undefined, private key pass is not provided, client store temporary credential: false, browser response timeout: 120000"}
{"level":"INFO","message":"[11:54:42.091 PM]: Connection[id: 5f26d0d5-ff08-4a5b-a344-303fe5505a0b] - connection object created successfully."}
{"level":"INFO","message":"[11:54:42.093 PM]: Connection[id: 5f26d0d5-ff08-4a5b-a344-303fe5505a0b] - connecting. Associated Snowflake domain: GLOBAL"}
{"level":"INFO","message":"[11:54:42.097 PM]: Connection[id: 5f26d0d5-ff08-4a5b-a344-303fe5505a0b] - authentication successful using: SNOWFLAKE"}
{"level":"INFO","message":"[11:54:42.098 PM]: Trying to initialize Easy Logging"}
{"level":"INFO","message":"[11:54:42.105 PM]: No client config detected."}
{"level":"INFO","message":"[11:54:42.106 PM]: No config file path found. Client config will not be used."}
{"level":"INFO","message":"[11:54:42.108 PM]: Easy Logging is disabled as no config has been found"}
{"level":"INFO","message":"[11:54:42.116 PM]: Connection[id: 5f26d0d5-ff08-4a5b-a344-303fe5505a0b] - connected successfully after 23.60912499999995 milliseconds"}
{"level":"INFO","message":"[9:55:14.552 AM]: Creating new connection object"}
{"level":"INFO","message":"[9:55:14.571 AM]: Creating Connection[id: ae0b40fe-32ac-43e9-ac04-c89d946c33b2] with host: FEBEOOK-RVB78017.snowflakecomputing.com, account: FEBEOOK-RVB78017, accessUrl: https://FEBEOOK-RVB78017.snowflakecomputing.com, user: NICOLE, password is provided, role: USERADMIN, database: REPRALLY, schema: ANALYTICS, warehouse: COMPUTE_WH, region: undefined, authenticator: SNOWFLAKE, ocsp mode: FAIL_OPEN, os: darwin, os version: 22.3.0"}
{"level":"INFO","message":"[9:55:14.574 AM]: Connection[id: ae0b40fe-32ac-43e9-ac04-c89d946c33b2] additional details: passcode in password is provided, passcode is not provided, private key is not provided, application: undefined, client name: snowflake-sdk, client version: 1.15.0, retry timeout: 300, private key path: undefined, private key pass is not provided, client store temporary credential: false, browser response timeout: 120000"}
{"level":"INFO","message":"[9:55:14.575 AM]: Connection[id: ae0b40fe-32ac-43e9-ac04-c89d946c33b2] - connection object created successfully."}
{"level":"INFO","message":"[9:55:14.576 AM]: Connection[id: ae0b40fe-32ac-43e9-ac04-c89d946c33b2] - connecting. Associated Snowflake domain: GLOBAL"}
{"level":"INFO","message":"[9:55:14.578 AM]: Connection[id: ae0b40fe-32ac-43e9-ac04-c89d946c33b2] - authentication successful using: SNOWFLAKE"}
{"level":"INFO","message":"[9:55:14.579 AM]: Trying to initialize Easy Logging"}
{"level":"INFO","message":"[9:55:14.585 AM]: No client config detected."}
{"level":"INFO","message":"[9:55:14.586 AM]: No config file path found. Client config will not be used."}
{"level":"INFO","message":"[9:55:14.587 AM]: Easy Logging is disabled as no config has been found"}
{"level":"INFO","message":"[9:55:14.594 AM]: Connection[id: ae0b40fe-32ac-43e9-ac04-c89d946c33b2] - connected successfully after 17.84233400000005 milliseconds"}
{"level":"INFO","message":"[10:56:31.363 AM]: Creating new connection object"}
{"level":"INFO","message":"[10:56:31.378 AM]: Creating Connection[id: ecef5488-fb36-4ebd-8abe-8aa6f787c2a5] with host: FEBEOOK-RVB78017.snowflakecomputing.com, account: FEBEOOK-RVB78017, accessUrl: https://FEBEOOK-RVB78017.snowflakecomputing.com, user: NICOLE, password is provided, role: USERADMIN, database: REPRALLY, schema: ANALYTICS, warehouse: COMPUTE_WH, region: undefined, authenticator: SNOWFLAKE, ocsp mode: FAIL_OPEN, os: darwin, os version: 22.3.0"}
{"level":"INFO","message":"[10:56:31.380 AM]: Connection[id: ecef5488-fb36-4ebd-8abe-8aa6f787c2a5] additional details: passcode in password is provided, passcode is not provided, private key is not provided, application: undefined, client name: snowflake-sdk, client version: 1.15.0, retry timeout: 300, private key path: undefined, private key pass is not provided, client store temporary credential: false, browser response timeout: 120000"}
{"level":"INFO","message":"[10:56:31.381 AM]: Connection[id: ecef5488-fb36-4ebd-8abe-8aa6f787c2a5] - connection object created successfully."}
{"level":"INFO","message":"[10:56:31.382 AM]: Connection[id: ecef5488-fb36-4ebd-8abe-8aa6f787c2a5] - connecting. Associated Snowflake domain: GLOBAL"}
{"level":"INFO","message":"[10:56:31.384 AM]: Connection[id: ecef5488-fb36-4ebd-8abe-8aa6f787c2a5] - authentication successful using: SNOWFLAKE"}
{"level":"INFO","message":"[10:56:31.385 AM]: Trying to initialize Easy Logging"}
{"level":"INFO","message":"[10:56:31.391 AM]: No client config detected."}
{"level":"INFO","message":"[10:56:31.391 AM]: No config file path found. Client config will not be used."}
{"level":"INFO","message":"[10:56:31.393 AM]: Easy Logging is disabled as no config has been found"}
{"level":"INFO","message":"[10:56:31.398 AM]: Connection[id: ecef5488-fb36-4ebd-8abe-8aa6f787c2a5] - connected successfully after 15.641416999999933 milliseconds"}
